<?xml version="1.0" encoding="UTF-8"?>
<!-- Generated by org.testng.reporters.JUnitReportReporter -->
<testsuite skipped="0" hostname="BGL-AAGARWAL" name="serializationDeserialization.thingspeak_apiWithouSerialization" tests="2" failures="0" timestamp="12 Aug 2019 11:46:26 GMT" time="5.868" errors="0">
  <testcase name="postDataToThingSpeak" time="3.268" classname="serializationDeserialization.thingspeak_apiWithouSerialization"/>
  <testcase name="getThingSpeakData" time="2.600" classname="serializationDeserialization.thingspeak_apiWithouSerialization"/>
</testsuite> <!-- serializationDeserialization.thingspeak_apiWithouSerialization -->
